<?xml version="1.0" encoding="UTF-8"?>
<!-- Generated by org.testng.reporters.JUnitReportReporter -->
<testsuite hostname="LAPTOP-JAIO9MH6" failures="0" tests="3" name="basictestng.Annotation" time="22.703" errors="0" timestamp="2024-03-15T11:27:21 IST" skipped="0">
  <testcase classname="basictestng.Annotation" name="amazon" time="4.878"/>
  <system-out/>
  <testcase classname="basictestng.Annotation" name="flipcart" time="10.269"/>
  <system-out/>
  <testcase classname="basictestng.Annotation" name="amazon" time="7.556"/>
  <system-out/>
</testsuite> <!-- basictestng.Annotation -->
