<?xml version="1.0" encoding="UTF-8"?>
<!-- Generated by org.testng.reporters.JUnitReportReporter -->
<testsuite hostname="LAPTOP-JAIO9MH6" failures="0" tests="1" name="basictestng.AssertExample" time="13.580" errors="0" timestamp="2024-03-16T10:36:29 IST" skipped="0">
  <testcase classname="basictestng.AssertExample" name="Ajio" time="13.580"/>
  <system-out/>
</testsuite> <!-- basictestng.AssertExample -->
