<?xml version="1.0" encoding="UTF-8"?>
<!-- Generated by org.testng.reporters.JUnitReportReporter -->
<testsuite hostname="LAPTOP-JAIO9MH6" failures="0" tests="1" name="basictestng.softassertex" time="12.246" errors="0" timestamp="2024-03-16T11:15:51 IST" skipped="0">
  <testcase classname="basictestng.softassertex" name="Ajio" time="12.246"/>
  <system-out/>
</testsuite> <!-- basictestng.softassertex -->
