<?xml version="1.0" encoding="UTF-8"?>
<!-- Generated by org.testng.reporters.JUnitReportReporter -->
<testsuite hostname="LAPTOP-JAIO9MH6" failures="0" tests="1" name="vTigercrm.ContactsTest" time="27.049" errors="0" timestamp="2024-03-20T09:53:09 IST" skipped="0">
  <testcase classname="vTigercrm.ContactsTest" name="createconactsTest" time="27.049"/>
  <system-out>
createconactsTestTestscript execution is start createconactsTestTestscript execution is pass  </system-out>
</testsuite> <!-- vTigercrm.ContactsTest -->
