<?xml version="1.0" encoding="UTF-8"?>
<!-- Generated by org.testng.reporters.JUnitReportReporter -->
<testsuite hostname="LAPTOP-JAIO9MH6" failures="0" tests="1" name="vTigercrm.LeadsTest" time="19.440" errors="0" timestamp="2024-03-19T16:00:30 IST" skipped="0">
  <testcase classname="vTigercrm.LeadsTest" name="leadsTest" time="19.440"/>
  <system-out>
leadsTestTestscript execution is start leadsTestTestscript execution is pass  </system-out>
</testsuite> <!-- vTigercrm.LeadsTest -->
